{"ip":"::1","level":"info","message":"GET /api/analytics%0A","timestamp":"2025-03-08T07:12:14.923Z","userAgent":"PostmanRuntime/7.43.0"}
{"ip":"::1","level":"info","message":"GET /api/workflow/1%0A","timestamp":"2025-03-08T07:12:34.420Z","userAgent":"PostmanRuntime/7.43.0"}
{"ip":"::1","level":"info","message":"GET /api/workflow/1%0A","timestamp":"2025-03-08T08:50:08.801Z","userAgent":"PostmanRuntime/7.43.0"}
{"ip":"::1","level":"info","message":"GET /api/workflows/1%0A","timestamp":"2025-03-08T08:50:34.614Z","userAgent":"PostmanRuntime/7.43.0"}
{"ip":"::1","level":"info","message":"GET /api/workflows/%0A","timestamp":"2025-03-08T08:50:42.806Z","userAgent":"PostmanRuntime/7.43.0"}
{"ip":"::1","level":"info","message":"GET /api/workflows/%0A","timestamp":"2025-03-08T08:50:54.125Z","userAgent":"PostmanRuntime/7.43.0"}
{"ip":"::1","level":"info","message":"POST /api/workflows/%0A","timestamp":"2025-03-08T08:52:33.661Z","userAgent":"PostmanRuntime/7.43.0"}
{"ip":"::1","level":"info","message":"POST /api/workflows/1%0A","timestamp":"2025-03-08T08:52:46.197Z","userAgent":"PostmanRuntime/7.43.0"}
{"ip":"::1","level":"info","message":"POST /api/workflows/1%0A","timestamp":"2025-03-08T08:56:22.489Z","userAgent":"PostmanRuntime/7.43.0"}
{"ip":"::1","level":"info","message":"POST /api/workflows/1%0A","timestamp":"2025-03-08T08:56:31.042Z","userAgent":"PostmanRuntime/7.43.0"}
{"ip":"::1","level":"info","message":"POST /api/clients/1%0A","timestamp":"2025-03-08T08:58:06.561Z","userAgent":"PostmanRuntime/7.43.0"}
{"ip":"::1","level":"info","message":"POST /api/clients/1%0A","timestamp":"2025-03-08T08:58:12.159Z","userAgent":"PostmanRuntime/7.43.0"}
{"ip":"::1","level":"info","message":"POST /api/clients/%0A","timestamp":"2025-03-08T09:37:06.948Z","userAgent":"PostmanRuntime/7.43.0"}
{"ip":"::1","level":"info","message":"POST /api/clients/%0A","timestamp":"2025-03-08T09:38:58.500Z","userAgent":"PostmanRuntime/7.43.0"}
{"ip":"::1","level":"info","message":"POST /api/clients/%0A","timestamp":"2025-03-08T09:41:51.576Z","userAgent":"PostmanRuntime/7.43.0"}
{"ip":"::1","level":"info","message":"POST /api/clients%0A","timestamp":"2025-03-08T09:42:22.645Z","userAgent":"PostmanRuntime/7.43.0"}
{"ip":"::1","level":"info","message":"POST /api/clients%0A","timestamp":"2025-03-08T09:50:49.171Z","userAgent":"PostmanRuntime/7.43.0"}
{"ip":"::1","level":"info","message":"POST /api/clients%0A","timestamp":"2025-03-08T09:53:02.391Z","userAgent":"PostmanRuntime/7.43.0"}
{"ip":"::1","level":"info","message":"POST /api/clients%0A","timestamp":"2025-03-08T09:53:06.786Z","userAgent":"PostmanRuntime/7.43.0"}
{"ip":"::1","level":"info","message":"POST /api/clients%0A","timestamp":"2025-03-08T09:54:52.569Z","userAgent":"PostmanRuntime/7.43.0"}
{"ip":"::1","level":"info","message":"POST /api/clients%0A","timestamp":"2025-03-08T09:55:48.660Z","userAgent":"PostmanRuntime/7.43.0"}
{"ip":"::1","level":"info","message":"POST /api/clients%0A","timestamp":"2025-03-08T10:01:00.081Z","userAgent":"PostmanRuntime/7.43.0"}
{"ip":"::1","level":"info","message":"POST /api/clients%0A","timestamp":"2025-03-08T10:01:42.499Z","userAgent":"PostmanRuntime/7.43.0"}
{"ip":"::1","level":"info","message":"POST /api/clients%0A","timestamp":"2025-03-08T10:05:45.637Z","userAgent":"PostmanRuntime/7.43.0"}
{"ip":"::1","level":"info","message":"POST /clients%0A","timestamp":"2025-03-08T10:07:00.089Z","userAgent":"PostmanRuntime/7.43.0"}
{"ip":"::1","level":"info","message":"POST /api/clients%0A","timestamp":"2025-03-08T10:32:09.419Z","userAgent":"PostmanRuntime/7.43.0"}
